<?xml version="1.0" encoding="UTF-8"?>
<testsuite xmlns:xsi="http://www.w3.org/2001/XMLSchema-instance" xsi:noNamespaceSchemaLocation="https://maven.apache.org/surefire/maven-surefire-plugin/xsd/surefire-test-report.xsd" name="com.bcp.SpringReactorApplicationTests" time="11.064" tests="1" errors="0" skipped="0" failures="0">
  <properties>
    <property name="sun.desktop" value="windows"/>
    <property name="awt.toolkit" value="sun.awt.windows.WToolkit"/>
    <property name="java.specification.version" value="11"/>
    <property name="sun.cpu.isalist" value="amd64"/>
    <property name="sun.jnu.encoding" value="Cp1252"/>
    <property name="java.class.path" value="C:\Users\CANVIA\Documents\workspace-spring-tool-suite-4-4.13.1.RELEASE\spring-reactor\target\test-classes;C:\Users\CANVIA\Documents\workspace-spring-tool-suite-4-4.13.1.RELEASE\spring-reactor\target\classes;C:\Users\CANVIA\.m2\repository\org\springframework\boot\spring-boot-starter-webflux\2.6.3\spring-boot-starter-webflux-2.6.3.jar;C:\Users\CANVIA\.m2\repository\org\springframework\boot\spring-boot-starter\2.6.3\spring-boot-starter-2.6.3.jar;C:\Users\CANVIA\.m2\repository\org\springframework\boot\spring-boot\2.6.3\spring-boot-2.6.3.jar;C:\Users\CANVIA\.m2\repository\org\springframework\boot\spring-boot-autoconfigure\2.6.3\spring-boot-autoconfigure-2.6.3.jar;C:\Users\CANVIA\.m2\repository\org\springframework\boot\spring-boot-starter-logging\2.6.3\spring-boot-starter-logging-2.6.3.jar;C:\Users\CANVIA\.m2\repository\ch\qos\logback\logback-classic\1.2.10\logback-classic-1.2.10.jar;C:\Users\CANVIA\.m2\repository\ch\qos\logback\logback-core\1.2.10\logback-core-1.2.10.jar;C:\Users\CANVIA\.m2\repository\org\apache\logging\log4j\log4j-to-slf4j\2.17.1\log4j-to-slf4j-2.17.1.jar;C:\Users\CANVIA\.m2\repository\org\apache\logging\log4j\log4j-api\2.17.1\log4j-api-2.17.1.jar;C:\Users\CANVIA\.m2\repository\org\slf4j\jul-to-slf4j\1.7.33\jul-to-slf4j-1.7.33.jar;C:\Users\CANVIA\.m2\repository\jakarta\annotation\jakarta.annotation-api\1.3.5\jakarta.annotation-api-1.3.5.jar;C:\Users\CANVIA\.m2\repository\org\yaml\snakeyaml\1.29\snakeyaml-1.29.jar;C:\Users\CANVIA\.m2\repository\org\springframework\boot\spring-boot-starter-json\2.6.3\spring-boot-starter-json-2.6.3.jar;C:\Users\CANVIA\.m2\repository\com\fasterxml\jackson\datatype\jackson-datatype-jdk8\2.13.1\jackson-datatype-jdk8-2.13.1.jar;C:\Users\CANVIA\.m2\repository\com\fasterxml\jackson\datatype\jackson-datatype-jsr310\2.13.1\jackson-datatype-jsr310-2.13.1.jar;C:\Users\CANVIA\.m2\repository\com\fasterxml\jackson\module\jackson-module-parameter-names\2.13.1\jackson-module-parameter-names-2.13.1.jar;C:\Users\CANVIA\.m2\repository\org\springframework\boot\spring-boot-starter-reactor-netty\2.6.3\spring-boot-starter-reactor-netty-2.6.3.jar;C:\Users\CANVIA\.m2\repository\io\projectreactor\netty\reactor-netty-http\1.0.15\reactor-netty-http-1.0.15.jar;C:\Users\CANVIA\.m2\repository\io\netty\netty-codec-http\4.1.73.Final\netty-codec-http-4.1.73.Final.jar;C:\Users\CANVIA\.m2\repository\io\netty\netty-common\4.1.73.Final\netty-common-4.1.73.Final.jar;C:\Users\CANVIA\.m2\repository\io\netty\netty-buffer\4.1.73.Final\netty-buffer-4.1.73.Final.jar;C:\Users\CANVIA\.m2\repository\io\netty\netty-transport\4.1.73.Final\netty-transport-4.1.73.Final.jar;C:\Users\CANVIA\.m2\repository\io\netty\netty-codec\4.1.73.Final\netty-codec-4.1.73.Final.jar;C:\Users\CANVIA\.m2\repository\io\netty\netty-codec-http2\4.1.73.Final\netty-codec-http2-4.1.73.Final.jar;C:\Users\CANVIA\.m2\repository\io\netty\netty-resolver-dns\4.1.73.Final\netty-resolver-dns-4.1.73.Final.jar;C:\Users\CANVIA\.m2\repository\io\netty\netty-resolver\4.1.73.Final\netty-resolver-4.1.73.Final.jar;C:\Users\CANVIA\.m2\repository\io\netty\netty-codec-dns\4.1.73.Final\netty-codec-dns-4.1.73.Final.jar;C:\Users\CANVIA\.m2\repository\io\netty\netty-resolver-dns-native-macos\4.1.73.Final\netty-resolver-dns-native-macos-4.1.73.Final-osx-x86_64.jar;C:\Users\CANVIA\.m2\repository\io\netty\netty-resolver-dns-classes-macos\4.1.73.Final\netty-resolver-dns-classes-macos-4.1.73.Final.jar;C:\Users\CANVIA\.m2\repository\io\netty\netty-transport-native-epoll\4.1.73.Final\netty-transport-native-epoll-4.1.73.Final-linux-x86_64.jar;C:\Users\CANVIA\.m2\repository\io\netty\netty-transport-native-unix-common\4.1.73.Final\netty-transport-native-unix-common-4.1.73.Final.jar;C:\Users\CANVIA\.m2\repository\io\netty\netty-transport-classes-epoll\4.1.73.Final\netty-transport-classes-epoll-4.1.73.Final.jar;C:\Users\CANVIA\.m2\repository\org\springframework\spring-web\5.3.15\spring-web-5.3.15.jar;C:\Users\CANVIA\.m2\repository\org\springframework\spring-beans\5.3.15\spring-beans-5.3.15.jar;C:\Users\CANVIA\.m2\repository\org\springframework\spring-webflux\5.3.15\spring-webflux-5.3.15.jar;C:\Users\CANVIA\.m2\repository\org\springframework\boot\spring-boot-starter-web\2.6.3\spring-boot-starter-web-2.6.3.jar;C:\Users\CANVIA\.m2\repository\org\springframework\boot\spring-boot-starter-tomcat\2.6.3\spring-boot-starter-tomcat-2.6.3.jar;C:\Users\CANVIA\.m2\repository\org\apache\tomcat\embed\tomcat-embed-core\9.0.56\tomcat-embed-core-9.0.56.jar;C:\Users\CANVIA\.m2\repository\org\apache\tomcat\embed\tomcat-embed-el\9.0.56\tomcat-embed-el-9.0.56.jar;C:\Users\CANVIA\.m2\repository\org\apache\tomcat\embed\tomcat-embed-websocket\9.0.56\tomcat-embed-websocket-9.0.56.jar;C:\Users\CANVIA\.m2\repository\org\springframework\spring-webmvc\5.3.15\spring-webmvc-5.3.15.jar;C:\Users\CANVIA\.m2\repository\org\springframework\spring-context\5.3.15\spring-context-5.3.15.jar;C:\Users\CANVIA\.m2\repository\org\springframework\spring-expression\5.3.15\spring-expression-5.3.15.jar;C:\Users\CANVIA\.m2\repository\org\springframework\boot\spring-boot-starter-data-r2dbc\2.6.3\spring-boot-starter-data-r2dbc-2.6.3.jar;C:\Users\CANVIA\.m2\repository\org\springframework\data\spring-data-r2dbc\1.4.1\spring-data-r2dbc-1.4.1.jar;C:\Users\CANVIA\.m2\repository\org\springframework\data\spring-data-commons\2.6.1\spring-data-commons-2.6.1.jar;C:\Users\CANVIA\.m2\repository\org\springframework\data\spring-data-relational\2.3.1\spring-data-relational-2.3.1.jar;C:\Users\CANVIA\.m2\repository\org\springframework\spring-r2dbc\5.3.15\spring-r2dbc-5.3.15.jar;C:\Users\CANVIA\.m2\repository\org\springframework\spring-tx\5.3.15\spring-tx-5.3.15.jar;C:\Users\CANVIA\.m2\repository\org\slf4j\slf4j-api\1.7.33\slf4j-api-1.7.33.jar;C:\Users\CANVIA\.m2\repository\io\r2dbc\r2dbc-spi\0.8.6.RELEASE\r2dbc-spi-0.8.6.RELEASE.jar;C:\Users\CANVIA\.m2\repository\org\reactivestreams\reactive-streams\1.0.3\reactive-streams-1.0.3.jar;C:\Users\CANVIA\.m2\repository\io\r2dbc\r2dbc-pool\0.8.8.RELEASE\r2dbc-pool-0.8.8.RELEASE.jar;C:\Users\CANVIA\.m2\repository\io\projectreactor\addons\reactor-pool\0.2.7\reactor-pool-0.2.7.jar;C:\Users\CANVIA\.m2\repository\org\springframework\boot\spring-boot-starter-security\2.6.3\spring-boot-starter-security-2.6.3.jar;C:\Users\CANVIA\.m2\repository\org\springframework\spring-aop\5.3.15\spring-aop-5.3.15.jar;C:\Users\CANVIA\.m2\repository\org\springframework\security\spring-security-config\5.6.1\spring-security-config-5.6.1.jar;C:\Users\CANVIA\.m2\repository\org\springframework\security\spring-security-core\5.6.1\spring-security-core-5.6.1.jar;C:\Users\CANVIA\.m2\repository\org\springframework\security\spring-security-crypto\5.6.1\spring-security-crypto-5.6.1.jar;C:\Users\CANVIA\.m2\repository\org\springframework\security\spring-security-web\5.6.1\spring-security-web-5.6.1.jar;C:\Users\CANVIA\.m2\repository\org\springframework\boot\spring-boot-starter-test\2.6.3\spring-boot-starter-test-2.6.3.jar;C:\Users\CANVIA\.m2\repository\org\springframework\boot\spring-boot-test\2.6.3\spring-boot-test-2.6.3.jar;C:\Users\CANVIA\.m2\repository\org\springframework\boot\spring-boot-test-autoconfigure\2.6.3\spring-boot-test-autoconfigure-2.6.3.jar;C:\Users\CANVIA\.m2\repository\com\jayway\jsonpath\json-path\2.6.0\json-path-2.6.0.jar;C:\Users\CANVIA\.m2\repository\net\minidev\json-smart\2.4.7\json-smart-2.4.7.jar;C:\Users\CANVIA\.m2\repository\net\minidev\accessors-smart\2.4.7\accessors-smart-2.4.7.jar;C:\Users\CANVIA\.m2\repository\org\ow2\asm\asm\9.1\asm-9.1.jar;C:\Users\CANVIA\.m2\repository\jakarta\xml\bind\jakarta.xml.bind-api\2.3.3\jakarta.xml.bind-api-2.3.3.jar;C:\Users\CANVIA\.m2\repository\jakarta\activation\jakarta.activation-api\1.2.2\jakarta.activation-api-1.2.2.jar;C:\Users\CANVIA\.m2\repository\org\assertj\assertj-core\3.21.0\assertj-core-3.21.0.jar;C:\Users\CANVIA\.m2\repository\org\hamcrest\hamcrest\2.2\hamcrest-2.2.jar;C:\Users\CANVIA\.m2\repository\org\junit\jupiter\junit-jupiter\5.8.2\junit-jupiter-5.8.2.jar;C:\Users\CANVIA\.m2\repository\org\junit\jupiter\junit-jupiter-api\5.8.2\junit-jupiter-api-5.8.2.jar;C:\Users\CANVIA\.m2\repository\org\opentest4j\opentest4j\1.2.0\opentest4j-1.2.0.jar;C:\Users\CANVIA\.m2\repository\org\junit\platform\junit-platform-commons\1.8.2\junit-platform-commons-1.8.2.jar;C:\Users\CANVIA\.m2\repository\org\apiguardian\apiguardian-api\1.1.2\apiguardian-api-1.1.2.jar;C:\Users\CANVIA\.m2\repository\org\junit\jupiter\junit-jupiter-params\5.8.2\junit-jupiter-params-5.8.2.jar;C:\Users\CANVIA\.m2\repository\org\junit\jupiter\junit-jupiter-engine\5.8.2\junit-jupiter-engine-5.8.2.jar;C:\Users\CANVIA\.m2\repository\org\junit\platform\junit-platform-engine\1.8.2\junit-platform-engine-1.8.2.jar;C:\Users\CANVIA\.m2\repository\org\mockito\mockito-core\4.0.0\mockito-core-4.0.0.jar;C:\Users\CANVIA\.m2\repository\net\bytebuddy\byte-buddy\1.11.22\byte-buddy-1.11.22.jar;C:\Users\CANVIA\.m2\repository\net\bytebuddy\byte-buddy-agent\1.11.22\byte-buddy-agent-1.11.22.jar;C:\Users\CANVIA\.m2\repository\org\objenesis\objenesis\3.2\objenesis-3.2.jar;C:\Users\CANVIA\.m2\repository\org\mockito\mockito-junit-jupiter\4.0.0\mockito-junit-jupiter-4.0.0.jar;C:\Users\CANVIA\.m2\repository\org\skyscreamer\jsonassert\1.5.0\jsonassert-1.5.0.jar;C:\Users\CANVIA\.m2\repository\com\vaadin\external\google\android-json\0.0.20131108.vaadin1\android-json-0.0.20131108.vaadin1.jar;C:\Users\CANVIA\.m2\repository\org\springframework\spring-core\5.3.15\spring-core-5.3.15.jar;C:\Users\CANVIA\.m2\repository\org\springframework\spring-jcl\5.3.15\spring-jcl-5.3.15.jar;C:\Users\CANVIA\.m2\repository\org\springframework\spring-test\5.3.15\spring-test-5.3.15.jar;C:\Users\CANVIA\.m2\repository\org\xmlunit\xmlunit-core\2.8.4\xmlunit-core-2.8.4.jar;C:\Users\CANVIA\.m2\repository\io\projectreactor\reactor-test\3.4.14\reactor-test-3.4.14.jar;C:\Users\CANVIA\.m2\repository\io\projectreactor\reactor-core\3.4.14\reactor-core-3.4.14.jar;C:\Users\CANVIA\.m2\repository\io\r2dbc\r2dbc-postgresql\0.8.11.RELEASE\r2dbc-postgresql-0.8.11.RELEASE.jar;C:\Users\CANVIA\.m2\repository\com\ongres\scram\client\2.1\client-2.1.jar;C:\Users\CANVIA\.m2\repository\com\ongres\scram\common\2.1\common-2.1.jar;C:\Users\CANVIA\.m2\repository\com\ongres\stringprep\saslprep\1.1\saslprep-1.1.jar;C:\Users\CANVIA\.m2\repository\com\ongres\stringprep\stringprep\1.1\stringprep-1.1.jar;C:\Users\CANVIA\.m2\repository\io\projectreactor\netty\reactor-netty\1.0.15\reactor-netty-1.0.15.jar;C:\Users\CANVIA\.m2\repository\io\projectreactor\netty\reactor-netty-core\1.0.15\reactor-netty-core-1.0.15.jar;C:\Users\CANVIA\.m2\repository\io\netty\netty-handler\4.1.73.Final\netty-handler-4.1.73.Final.jar;C:\Users\CANVIA\.m2\repository\io\netty\netty-tcnative-classes\2.0.46.Final\netty-tcnative-classes-2.0.46.Final.jar;C:\Users\CANVIA\.m2\repository\io\netty\netty-handler-proxy\4.1.73.Final\netty-handler-proxy-4.1.73.Final.jar;C:\Users\CANVIA\.m2\repository\io\netty\netty-codec-socks\4.1.73.Final\netty-codec-socks-4.1.73.Final.jar;C:\Users\CANVIA\.m2\repository\io\projectreactor\netty\incubator\reactor-netty-incubator-quic\0.0.4\reactor-netty-incubator-quic-0.0.4.jar;C:\Users\CANVIA\.m2\repository\io\netty\incubator\netty-incubator-codec-native-quic\0.0.25.Final\netty-incubator-codec-native-quic-0.0.25.Final-linux-x86_64.jar;C:\Users\CANVIA\.m2\repository\io\netty\incubator\netty-incubator-codec-classes-quic\0.0.25.Final\netty-incubator-codec-classes-quic-0.0.25.Final.jar;C:\Users\CANVIA\.m2\repository\commons-codec\commons-codec\1.15\commons-codec-1.15.jar;C:\Users\CANVIA\.m2\repository\io\projectreactor\netty\reactor-netty-http-brave\1.0.15\reactor-netty-http-brave-1.0.15.jar;C:\Users\CANVIA\.m2\repository\io\zipkin\brave\brave-instrumentation-http\5.13.7\brave-instrumentation-http-5.13.7.jar;C:\Users\CANVIA\.m2\repository\io\zipkin\brave\brave\5.13.7\brave-5.13.7.jar;C:\Users\CANVIA\.m2\repository\io\zipkin\reporter2\zipkin-reporter-brave\2.16.3\zipkin-reporter-brave-2.16.3.jar;C:\Users\CANVIA\.m2\repository\io\zipkin\reporter2\zipkin-reporter\2.16.3\zipkin-reporter-2.16.3.jar;C:\Users\CANVIA\.m2\repository\io\zipkin\zipkin2\zipkin\2.23.2\zipkin-2.23.2.jar;C:\Users\CANVIA\.m2\repository\org\postgresql\postgresql\42.3.1\postgresql-42.3.1.jar;C:\Users\CANVIA\.m2\repository\org\checkerframework\checker-qual\3.5.0\checker-qual-3.5.0.jar;C:\Users\CANVIA\.m2\repository\io\jsonwebtoken\jjwt\0.9.1\jjwt-0.9.1.jar;C:\Users\CANVIA\.m2\repository\com\fasterxml\jackson\core\jackson-databind\2.13.1\jackson-databind-2.13.1.jar;C:\Users\CANVIA\.m2\repository\com\fasterxml\jackson\core\jackson-annotations\2.13.1\jackson-annotations-2.13.1.jar;C:\Users\CANVIA\.m2\repository\com\fasterxml\jackson\core\jackson-core\2.13.1\jackson-core-2.13.1.jar;C:\Users\CANVIA\.m2\repository\javax\xml\bind\jaxb-api\2.3.1\jaxb-api-2.3.1.jar;C:\Users\CANVIA\.m2\repository\javax\activation\javax.activation-api\1.2.0\javax.activation-api-1.2.0.jar;"/>
    <property name="java.vm.vendor" value="Oracle Corporation"/>
    <property name="sun.arch.data.model" value="64"/>
    <property name="user.variant" value=""/>
    <property name="java.vendor.url" value="https://openjdk.java.net/"/>
    <property name="user.timezone" value="America/Bogota"/>
    <property name="java.vm.specification.version" value="11"/>
    <property name="os.name" value="Windows 10"/>
    <property name="sun.java.launcher" value="SUN_STANDARD"/>
    <property name="user.country" value="PE"/>
    <property name="sun.boot.library.path" value="C:\Program Files\Java\jdk-11.0.14\bin"/>
    <property name="sun.java.command" value="C:\Users\CANVIA\AppData\Local\Temp\surefire8300571521076702363\surefirebooter2802169475517951161.jar C:\Users\CANVIA\AppData\Local\Temp\surefire8300571521076702363 2022-03-19T22-43-50_837-jvmRun1 surefire15295776454865070247tmp surefire_01913114312089958709tmp"/>
    <property name="jdk.debug" value="release"/>
    <property name="surefire.test.class.path" value="C:\Users\CANVIA\Documents\workspace-spring-tool-suite-4-4.13.1.RELEASE\spring-reactor\target\test-classes;C:\Users\CANVIA\Documents\workspace-spring-tool-suite-4-4.13.1.RELEASE\spring-reactor\target\classes;C:\Users\CANVIA\.m2\repository\org\springframework\boot\spring-boot-starter-webflux\2.6.3\spring-boot-starter-webflux-2.6.3.jar;C:\Users\CANVIA\.m2\repository\org\springframework\boot\spring-boot-starter\2.6.3\spring-boot-starter-2.6.3.jar;C:\Users\CANVIA\.m2\repository\org\springframework\boot\spring-boot\2.6.3\spring-boot-2.6.3.jar;C:\Users\CANVIA\.m2\repository\org\springframework\boot\spring-boot-autoconfigure\2.6.3\spring-boot-autoconfigure-2.6.3.jar;C:\Users\CANVIA\.m2\repository\org\springframework\boot\spring-boot-starter-logging\2.6.3\spring-boot-starter-logging-2.6.3.jar;C:\Users\CANVIA\.m2\repository\ch\qos\logback\logback-classic\1.2.10\logback-classic-1.2.10.jar;C:\Users\CANVIA\.m2\repository\ch\qos\logback\logback-core\1.2.10\logback-core-1.2.10.jar;C:\Users\CANVIA\.m2\repository\org\apache\logging\log4j\log4j-to-slf4j\2.17.1\log4j-to-slf4j-2.17.1.jar;C:\Users\CANVIA\.m2\repository\org\apache\logging\log4j\log4j-api\2.17.1\log4j-api-2.17.1.jar;C:\Users\CANVIA\.m2\repository\org\slf4j\jul-to-slf4j\1.7.33\jul-to-slf4j-1.7.33.jar;C:\Users\CANVIA\.m2\repository\jakarta\annotation\jakarta.annotation-api\1.3.5\jakarta.annotation-api-1.3.5.jar;C:\Users\CANVIA\.m2\repository\org\yaml\snakeyaml\1.29\snakeyaml-1.29.jar;C:\Users\CANVIA\.m2\repository\org\springframework\boot\spring-boot-starter-json\2.6.3\spring-boot-starter-json-2.6.3.jar;C:\Users\CANVIA\.m2\repository\com\fasterxml\jackson\datatype\jackson-datatype-jdk8\2.13.1\jackson-datatype-jdk8-2.13.1.jar;C:\Users\CANVIA\.m2\repository\com\fasterxml\jackson\datatype\jackson-datatype-jsr310\2.13.1\jackson-datatype-jsr310-2.13.1.jar;C:\Users\CANVIA\.m2\repository\com\fasterxml\jackson\module\jackson-module-parameter-names\2.13.1\jackson-module-parameter-names-2.13.1.jar;C:\Users\CANVIA\.m2\repository\org\springframework\boot\spring-boot-starter-reactor-netty\2.6.3\spring-boot-starter-reactor-netty-2.6.3.jar;C:\Users\CANVIA\.m2\repository\io\projectreactor\netty\reactor-netty-http\1.0.15\reactor-netty-http-1.0.15.jar;C:\Users\CANVIA\.m2\repository\io\netty\netty-codec-http\4.1.73.Final\netty-codec-http-4.1.73.Final.jar;C:\Users\CANVIA\.m2\repository\io\netty\netty-common\4.1.73.Final\netty-common-4.1.73.Final.jar;C:\Users\CANVIA\.m2\repository\io\netty\netty-buffer\4.1.73.Final\netty-buffer-4.1.73.Final.jar;C:\Users\CANVIA\.m2\repository\io\netty\netty-transport\4.1.73.Final\netty-transport-4.1.73.Final.jar;C:\Users\CANVIA\.m2\repository\io\netty\netty-codec\4.1.73.Final\netty-codec-4.1.73.Final.jar;C:\Users\CANVIA\.m2\repository\io\netty\netty-codec-http2\4.1.73.Final\netty-codec-http2-4.1.73.Final.jar;C:\Users\CANVIA\.m2\repository\io\netty\netty-resolver-dns\4.1.73.Final\netty-resolver-dns-4.1.73.Final.jar;C:\Users\CANVIA\.m2\repository\io\netty\netty-resolver\4.1.73.Final\netty-resolver-4.1.73.Final.jar;C:\Users\CANVIA\.m2\repository\io\netty\netty-codec-dns\4.1.73.Final\netty-codec-dns-4.1.73.Final.jar;C:\Users\CANVIA\.m2\repository\io\netty\netty-resolver-dns-native-macos\4.1.73.Final\netty-resolver-dns-native-macos-4.1.73.Final-osx-x86_64.jar;C:\Users\CANVIA\.m2\repository\io\netty\netty-resolver-dns-classes-macos\4.1.73.Final\netty-resolver-dns-classes-macos-4.1.73.Final.jar;C:\Users\CANVIA\.m2\repository\io\netty\netty-transport-native-epoll\4.1.73.Final\netty-transport-native-epoll-4.1.73.Final-linux-x86_64.jar;C:\Users\CANVIA\.m2\repository\io\netty\netty-transport-native-unix-common\4.1.73.Final\netty-transport-native-unix-common-4.1.73.Final.jar;C:\Users\CANVIA\.m2\repository\io\netty\netty-transport-classes-epoll\4.1.73.Final\netty-transport-classes-epoll-4.1.73.Final.jar;C:\Users\CANVIA\.m2\repository\org\springframework\spring-web\5.3.15\spring-web-5.3.15.jar;C:\Users\CANVIA\.m2\repository\org\springframework\spring-beans\5.3.15\spring-beans-5.3.15.jar;C:\Users\CANVIA\.m2\repository\org\springframework\spring-webflux\5.3.15\spring-webflux-5.3.15.jar;C:\Users\CANVIA\.m2\repository\org\springframework\boot\spring-boot-starter-web\2.6.3\spring-boot-starter-web-2.6.3.jar;C:\Users\CANVIA\.m2\repository\org\springframework\boot\spring-boot-starter-tomcat\2.6.3\spring-boot-starter-tomcat-2.6.3.jar;C:\Users\CANVIA\.m2\repository\org\apache\tomcat\embed\tomcat-embed-core\9.0.56\tomcat-embed-core-9.0.56.jar;C:\Users\CANVIA\.m2\repository\org\apache\tomcat\embed\tomcat-embed-el\9.0.56\tomcat-embed-el-9.0.56.jar;C:\Users\CANVIA\.m2\repository\org\apache\tomcat\embed\tomcat-embed-websocket\9.0.56\tomcat-embed-websocket-9.0.56.jar;C:\Users\CANVIA\.m2\repository\org\springframework\spring-webmvc\5.3.15\spring-webmvc-5.3.15.jar;C:\Users\CANVIA\.m2\repository\org\springframework\spring-context\5.3.15\spring-context-5.3.15.jar;C:\Users\CANVIA\.m2\repository\org\springframework\spring-expression\5.3.15\spring-expression-5.3.15.jar;C:\Users\CANVIA\.m2\repository\org\springframework\boot\spring-boot-starter-data-r2dbc\2.6.3\spring-boot-starter-data-r2dbc-2.6.3.jar;C:\Users\CANVIA\.m2\repository\org\springframework\data\spring-data-r2dbc\1.4.1\spring-data-r2dbc-1.4.1.jar;C:\Users\CANVIA\.m2\repository\org\springframework\data\spring-data-commons\2.6.1\spring-data-commons-2.6.1.jar;C:\Users\CANVIA\.m2\repository\org\springframework\data\spring-data-relational\2.3.1\spring-data-relational-2.3.1.jar;C:\Users\CANVIA\.m2\repository\org\springframework\spring-r2dbc\5.3.15\spring-r2dbc-5.3.15.jar;C:\Users\CANVIA\.m2\repository\org\springframework\spring-tx\5.3.15\spring-tx-5.3.15.jar;C:\Users\CANVIA\.m2\repository\org\slf4j\slf4j-api\1.7.33\slf4j-api-1.7.33.jar;C:\Users\CANVIA\.m2\repository\io\r2dbc\r2dbc-spi\0.8.6.RELEASE\r2dbc-spi-0.8.6.RELEASE.jar;C:\Users\CANVIA\.m2\repository\org\reactivestreams\reactive-streams\1.0.3\reactive-streams-1.0.3.jar;C:\Users\CANVIA\.m2\repository\io\r2dbc\r2dbc-pool\0.8.8.RELEASE\r2dbc-pool-0.8.8.RELEASE.jar;C:\Users\CANVIA\.m2\repository\io\projectreactor\addons\reactor-pool\0.2.7\reactor-pool-0.2.7.jar;C:\Users\CANVIA\.m2\repository\org\springframework\boot\spring-boot-starter-security\2.6.3\spring-boot-starter-security-2.6.3.jar;C:\Users\CANVIA\.m2\repository\org\springframework\spring-aop\5.3.15\spring-aop-5.3.15.jar;C:\Users\CANVIA\.m2\repository\org\springframework\security\spring-security-config\5.6.1\spring-security-config-5.6.1.jar;C:\Users\CANVIA\.m2\repository\org\springframework\security\spring-security-core\5.6.1\spring-security-core-5.6.1.jar;C:\Users\CANVIA\.m2\repository\org\springframework\security\spring-security-crypto\5.6.1\spring-security-crypto-5.6.1.jar;C:\Users\CANVIA\.m2\repository\org\springframework\security\spring-security-web\5.6.1\spring-security-web-5.6.1.jar;C:\Users\CANVIA\.m2\repository\org\springframework\boot\spring-boot-starter-test\2.6.3\spring-boot-starter-test-2.6.3.jar;C:\Users\CANVIA\.m2\repository\org\springframework\boot\spring-boot-test\2.6.3\spring-boot-test-2.6.3.jar;C:\Users\CANVIA\.m2\repository\org\springframework\boot\spring-boot-test-autoconfigure\2.6.3\spring-boot-test-autoconfigure-2.6.3.jar;C:\Users\CANVIA\.m2\repository\com\jayway\jsonpath\json-path\2.6.0\json-path-2.6.0.jar;C:\Users\CANVIA\.m2\repository\net\minidev\json-smart\2.4.7\json-smart-2.4.7.jar;C:\Users\CANVIA\.m2\repository\net\minidev\accessors-smart\2.4.7\accessors-smart-2.4.7.jar;C:\Users\CANVIA\.m2\repository\org\ow2\asm\asm\9.1\asm-9.1.jar;C:\Users\CANVIA\.m2\repository\jakarta\xml\bind\jakarta.xml.bind-api\2.3.3\jakarta.xml.bind-api-2.3.3.jar;C:\Users\CANVIA\.m2\repository\jakarta\activation\jakarta.activation-api\1.2.2\jakarta.activation-api-1.2.2.jar;C:\Users\CANVIA\.m2\repository\org\assertj\assertj-core\3.21.0\assertj-core-3.21.0.jar;C:\Users\CANVIA\.m2\repository\org\hamcrest\hamcrest\2.2\hamcrest-2.2.jar;C:\Users\CANVIA\.m2\repository\org\junit\jupiter\junit-jupiter\5.8.2\junit-jupiter-5.8.2.jar;C:\Users\CANVIA\.m2\repository\org\junit\jupiter\junit-jupiter-api\5.8.2\junit-jupiter-api-5.8.2.jar;C:\Users\CANVIA\.m2\repository\org\opentest4j\opentest4j\1.2.0\opentest4j-1.2.0.jar;C:\Users\CANVIA\.m2\repository\org\junit\platform\junit-platform-commons\1.8.2\junit-platform-commons-1.8.2.jar;C:\Users\CANVIA\.m2\repository\org\apiguardian\apiguardian-api\1.1.2\apiguardian-api-1.1.2.jar;C:\Users\CANVIA\.m2\repository\org\junit\jupiter\junit-jupiter-params\5.8.2\junit-jupiter-params-5.8.2.jar;C:\Users\CANVIA\.m2\repository\org\junit\jupiter\junit-jupiter-engine\5.8.2\junit-jupiter-engine-5.8.2.jar;C:\Users\CANVIA\.m2\repository\org\junit\platform\junit-platform-engine\1.8.2\junit-platform-engine-1.8.2.jar;C:\Users\CANVIA\.m2\repository\org\mockito\mockito-core\4.0.0\mockito-core-4.0.0.jar;C:\Users\CANVIA\.m2\repository\net\bytebuddy\byte-buddy\1.11.22\byte-buddy-1.11.22.jar;C:\Users\CANVIA\.m2\repository\net\bytebuddy\byte-buddy-agent\1.11.22\byte-buddy-agent-1.11.22.jar;C:\Users\CANVIA\.m2\repository\org\objenesis\objenesis\3.2\objenesis-3.2.jar;C:\Users\CANVIA\.m2\repository\org\mockito\mockito-junit-jupiter\4.0.0\mockito-junit-jupiter-4.0.0.jar;C:\Users\CANVIA\.m2\repository\org\skyscreamer\jsonassert\1.5.0\jsonassert-1.5.0.jar;C:\Users\CANVIA\.m2\repository\com\vaadin\external\google\android-json\0.0.20131108.vaadin1\android-json-0.0.20131108.vaadin1.jar;C:\Users\CANVIA\.m2\repository\org\springframework\spring-core\5.3.15\spring-core-5.3.15.jar;C:\Users\CANVIA\.m2\repository\org\springframework\spring-jcl\5.3.15\spring-jcl-5.3.15.jar;C:\Users\CANVIA\.m2\repository\org\springframework\spring-test\5.3.15\spring-test-5.3.15.jar;C:\Users\CANVIA\.m2\repository\org\xmlunit\xmlunit-core\2.8.4\xmlunit-core-2.8.4.jar;C:\Users\CANVIA\.m2\repository\io\projectreactor\reactor-test\3.4.14\reactor-test-3.4.14.jar;C:\Users\CANVIA\.m2\repository\io\projectreactor\reactor-core\3.4.14\reactor-core-3.4.14.jar;C:\Users\CANVIA\.m2\repository\io\r2dbc\r2dbc-postgresql\0.8.11.RELEASE\r2dbc-postgresql-0.8.11.RELEASE.jar;C:\Users\CANVIA\.m2\repository\com\ongres\scram\client\2.1\client-2.1.jar;C:\Users\CANVIA\.m2\repository\com\ongres\scram\common\2.1\common-2.1.jar;C:\Users\CANVIA\.m2\repository\com\ongres\stringprep\saslprep\1.1\saslprep-1.1.jar;C:\Users\CANVIA\.m2\repository\com\ongres\stringprep\stringprep\1.1\stringprep-1.1.jar;C:\Users\CANVIA\.m2\repository\io\projectreactor\netty\reactor-netty\1.0.15\reactor-netty-1.0.15.jar;C:\Users\CANVIA\.m2\repository\io\projectreactor\netty\reactor-netty-core\1.0.15\reactor-netty-core-1.0.15.jar;C:\Users\CANVIA\.m2\repository\io\netty\netty-handler\4.1.73.Final\netty-handler-4.1.73.Final.jar;C:\Users\CANVIA\.m2\repository\io\netty\netty-tcnative-classes\2.0.46.Final\netty-tcnative-classes-2.0.46.Final.jar;C:\Users\CANVIA\.m2\repository\io\netty\netty-handler-proxy\4.1.73.Final\netty-handler-proxy-4.1.73.Final.jar;C:\Users\CANVIA\.m2\repository\io\netty\netty-codec-socks\4.1.73.Final\netty-codec-socks-4.1.73.Final.jar;C:\Users\CANVIA\.m2\repository\io\projectreactor\netty\incubator\reactor-netty-incubator-quic\0.0.4\reactor-netty-incubator-quic-0.0.4.jar;C:\Users\CANVIA\.m2\repository\io\netty\incubator\netty-incubator-codec-native-quic\0.0.25.Final\netty-incubator-codec-native-quic-0.0.25.Final-linux-x86_64.jar;C:\Users\CANVIA\.m2\repository\io\netty\incubator\netty-incubator-codec-classes-quic\0.0.25.Final\netty-incubator-codec-classes-quic-0.0.25.Final.jar;C:\Users\CANVIA\.m2\repository\commons-codec\commons-codec\1.15\commons-codec-1.15.jar;C:\Users\CANVIA\.m2\repository\io\projectreactor\netty\reactor-netty-http-brave\1.0.15\reactor-netty-http-brave-1.0.15.jar;C:\Users\CANVIA\.m2\repository\io\zipkin\brave\brave-instrumentation-http\5.13.7\brave-instrumentation-http-5.13.7.jar;C:\Users\CANVIA\.m2\repository\io\zipkin\brave\brave\5.13.7\brave-5.13.7.jar;C:\Users\CANVIA\.m2\repository\io\zipkin\reporter2\zipkin-reporter-brave\2.16.3\zipkin-reporter-brave-2.16.3.jar;C:\Users\CANVIA\.m2\repository\io\zipkin\reporter2\zipkin-reporter\2.16.3\zipkin-reporter-2.16.3.jar;C:\Users\CANVIA\.m2\repository\io\zipkin\zipkin2\zipkin\2.23.2\zipkin-2.23.2.jar;C:\Users\CANVIA\.m2\repository\org\postgresql\postgresql\42.3.1\postgresql-42.3.1.jar;C:\Users\CANVIA\.m2\repository\org\checkerframework\checker-qual\3.5.0\checker-qual-3.5.0.jar;C:\Users\CANVIA\.m2\repository\io\jsonwebtoken\jjwt\0.9.1\jjwt-0.9.1.jar;C:\Users\CANVIA\.m2\repository\com\fasterxml\jackson\core\jackson-databind\2.13.1\jackson-databind-2.13.1.jar;C:\Users\CANVIA\.m2\repository\com\fasterxml\jackson\core\jackson-annotations\2.13.1\jackson-annotations-2.13.1.jar;C:\Users\CANVIA\.m2\repository\com\fasterxml\jackson\core\jackson-core\2.13.1\jackson-core-2.13.1.jar;C:\Users\CANVIA\.m2\repository\javax\xml\bind\jaxb-api\2.3.1\jaxb-api-2.3.1.jar;C:\Users\CANVIA\.m2\repository\javax\activation\javax.activation-api\1.2.0\javax.activation-api-1.2.0.jar;"/>
    <property name="sun.cpu.endian" value="little"/>
    <property name="user.home" value="C:\Users\CANVIA"/>
    <property name="user.language" value="es"/>
    <property name="java.specification.vendor" value="Oracle Corporation"/>
    <property name="java.version.date" value="2022-01-18"/>
    <property name="java.home" value="C:\Program Files\Java\jdk-11.0.14"/>
    <property name="file.separator" value="\"/>
    <property name="style.color" value="always"/>
    <property name="basedir" value="C:\Users\CANVIA\Documents\workspace-spring-tool-suite-4-4.13.1.RELEASE\spring-reactor"/>
    <property name="java.vm.compressedOopsMode" value="Zero based"/>
    <property name="line.separator" value="&#10;"/>
    <property name="java.specification.name" value="Java Platform API Specification"/>
    <property name="java.vm.specification.vendor" value="Oracle Corporation"/>
    <property name="java.awt.graphicsenv" value="sun.awt.Win32GraphicsEnvironment"/>
    <property name="surefire.real.class.path" value="C:\Users\CANVIA\AppData\Local\Temp\surefire8300571521076702363\surefirebooter2802169475517951161.jar"/>
    <property name="user.script" value=""/>
    <property name="sun.management.compiler" value="HotSpot 64-Bit Tiered Compilers"/>
    <property name="java.runtime.version" value="11.0.14+8-LTS-263"/>
    <property name="user.name" value="CANVIA"/>
    <property name="path.separator" value=";"/>
    <property name="os.version" value="10.0"/>
    <property name="java.runtime.name" value="Java(TM) SE Runtime Environment"/>
    <property name="file.encoding" value="Cp1252"/>
    <property name="java.vm.name" value="Java HotSpot(TM) 64-Bit Server VM"/>
    <property name="java.vendor.version" value="18.9"/>
    <property name="localRepository" value="C:\Users\CANVIA\.m2\repository"/>
    <property name="java.vendor.url.bug" value="https://bugreport.java.com/bugreport/"/>
    <property name="java.io.tmpdir" value="C:\Users\CANVIA\AppData\Local\Temp\"/>
    <property name="java.version" value="11.0.14"/>
    <property name="user.dir" value="C:\Users\CANVIA\Documents\workspace-spring-tool-suite-4-4.13.1.RELEASE\spring-reactor"/>
    <property name="os.arch" value="amd64"/>
    <property name="java.vm.specification.name" value="Java Virtual Machine Specification"/>
    <property name="java.awt.printerjob" value="sun.awt.windows.WPrinterJob"/>
    <property name="sun.os.patch.level" value=""/>
    <property name="java.library.path" value="C:\Program Files\Java\jdk-11.0.14\bin;C:\WINDOWS\Sun\Java\bin;C:\WINDOWS\system32;C:\WINDOWS;C:/Users/CANVIA/Downloads/sts-4.13.1.RELEASE//plugins/org.eclipse.justj.openjdk.hotspot.jre.full.win32.x86_64_17.0.1.v20211116-1657/jre/bin/server;C:/Users/CANVIA/Downloads/sts-4.13.1.RELEASE//plugins/org.eclipse.justj.openjdk.hotspot.jre.full.win32.x86_64_17.0.1.v20211116-1657/jre/bin;C:\Program Files\Common Files\Oracle\Java\javapath;C:\Program Files (x86)\Common Files\Oracle\Java\javapath;C:\ProgramData\Oracle\Java\javapath;C:\WINDOWS\system32;C:\WINDOWS;C:\WINDOWS\System32\Wbem;C:\WINDOWS\System32\WindowsPowerShell\v1.0\;C:\WINDOWS\System32\OpenSSH\;C:\Program Files\Git\cmd;D:\Gradle\gradle-4.0\bin;C:\Program Files\Java\jdk1.8.0_121\bin;C:\Program Files\TortoiseSVN\bin;C:\Program Files (x86)\010 Editor v3;;C:\Program Files\Docker\Docker\resources\bin;C:\ProgramData\DockerDesktop\version-bin;C:\Users\CANVIA\AppData\Local\Microsoft\WindowsApps;;C:\Users\CANVIA\AppData\Local\Programs\Microsoft VS Code\bin;C:\Users\CANVIA\Downloads\sts-4.13.1.RELEASE;;."/>
    <property name="java.vendor" value="Sun Microsystems Inc."/>
    <property name="java.vm.info" value="mixed mode"/>
    <property name="java.vm.version" value="11.0.14+8-LTS-263"/>
    <property name="sun.io.unicode.encoding" value="UnicodeLittle"/>
    <property name="java.class.version" value="55.0"/>
  </properties>
  <testcase name="contextLoads" classname="com.bcp.SpringReactorApplicationTests" time="1.143"/>
</testsuite>